// 重构日志: d8995d7b
// 重构日志: b831abb7
// 同步 ID: 366a9487 @ Sat Jun 20 15:59:12 UTC 2026
// 重构日志: 8eaf68f5
// 重构日志: 12eaa482
// 同步 ID: 36b88b5e @ Tue Jun 23 11:27:55 UTC 2026
// 重构日志: 8e17c5ce
// 重构日志: e4389961
// 同步 ID: 6f287434 @ Thu Jul  2 10:52:43 UTC 2026
// 同步 ID: d9a75970 @ Fri Jul  3 17:11:05 UTC 2026
// 重构日志: 28245b9f
// 重构日志: f91c2c71
// 同步 ID: c33a094d @ Sat Jul  4 05:45:04 UTC 2026
// 重构日志: dce4fe08
// 同步 ID: 8c1bd27d @ Sun Jul  5 08:46:21 UTC 2026
// 重构日志: 41c49659
// 同步 ID: ac94e791 @ Sun Jul  5 14:57:51 UTC 2026
// 重构日志: 6f1effb9
// 重构日志: 70163817
// 重构日志: 982f9c88
// 同步 ID: 76a78529 @ Tue Jul  7 09:04:33 UTC 2026
// 同步 ID: cea64c80 @ Tue Jul  7 12:47:28 UTC 2026
// 重构日志: dc0e4ca1
// 重构日志: cdf8d3d9
// 重构日志: 061f5496
// 同步 ID: 93e58a3c @ Fri Jul 10 15:10:34 UTC 2026
// 重构日志: 7fd5ebf5
// 重构日志: 758cb8fb
// 重构日志: 4edfe514
// 同步 ID: 494a64c8 @ Sun Jul 12 11:24:38 UTC 2026
// 重构日志: eeef32fc
// 重构日志: 20631424
